<?xml version="1.0" encoding="UTF-8"?>
<testsuite xmlns:xsi="http://www.w3.org/2001/XMLSchema-instance" xsi:noNamespaceSchemaLocation="https://maven.apache.org/surefire/maven-surefire-plugin/xsd/surefire-test-report-3.0.xsd" version="3.0" name="mx.com.gm.HolaSpringApplicationTests" time="2.647" tests="1" errors="0" skipped="0" failures="0">
  <properties>
[...]
</properties>
  <testcase name="contextLoads" classname="mx.com.gm.HolaSpringApplicationTests" time="0.758">
    <system-out><![CDATA[13:43:21.735 [main] INFO org.springframework.test.context.support.AnnotationConfigContextLoaderUtils -- Could not detect default configuration classes for test class [mx.com.gm.HolaSpringApplicationTests]: HolaSpringApplicationTests does not declare any static, non-private, non-final, nested classes annotated with @Configuration.
13:43:21.836 [main] INFO org.springframework.boot.test.context.SpringBootTestContextBootstrapper -- Found @SpringBootConfiguration mx.com.gm.HolaSpringApplication for test class mx.com.gm.HolaSpringApplicationTests

  .   ____          _            __ _ _
 /\\ / ___'_ __ _ _(_)_ __  __ _ \ \ \ \
( ( )\___ | '_ | '_| | '_ \/ _` | \ \ \ \
 \\/  ___)| |_)| | | | | || (_| |  ) ) ) )
  '  |____| .__|_| |_|_| |_\__, | / / / /
 =========|_|==============|___/=/_/_/_/
 :: Spring Boot ::                (v3.1.3)

2023-09-09T13:43:22.269-03:00  INFO 16986 --- [           main] mx.com.gm.HolaSpringApplicationTests     : Starting HolaSpringApplicationTests using Java 17.0.8.1 with PID 16986 (started by antolube20 in /home/antolube20/Spring/HolaMundoSpring)
2023-09-09T13:43:22.271-03:00  INFO 16986 --- [           main] mx.com.gm.HolaSpringApplicationTests     : No active profile set, falling back to 1 default profile: "default"
2023-09-09T13:43:23.405-03:00  WARN 16986 --- [           main] ion$DefaultTemplateResolverConfiguration : Cannot find template location: classpath:/templates/ (please add some templates, check your Thymeleaf configuration, or set spring.thymeleaf.check-template-location=false)
2023-09-09T13:43:23.452-03:00  INFO 16986 --- [           main] mx.com.gm.HolaSpringApplicationTests     : Started HolaSpringApplicationTests in 1.46 seconds (process running for 2.395)
]]></system-out>
  </testcase>
</testsuite>